2022.11.09 15:30:10 INFO  tracing is disabled for protocol LSP, to enable tracing of incoming and outgoing JSON messages create an empty file at /home/maxime/ProgFonc/.metals/lsp.trace.json or /home/maxime/.cache/metals/lsp.trace.json
2022.11.09 15:30:16 INFO  logging to file /home/maxime/ProgFonc/.metals/metals.log
2022.11.09 15:30:16 INFO  Started: Metals version 0.11.9 in workspace '/home/maxime/ProgFonc' for client Visual Studio Code 1.72.2.
2022.11.09 15:30:39 INFO  time: initialize in 23s
2022.11.09 15:30:45 WARN  Build server is not auto-connectable.
2022.11.09 15:30:45 WARN  no build target for: /home/maxime/ProgFonc/Code/Test.scala
2022.11.09 15:30:45 WARN  no build tool detected in workspace '/home/maxime/ProgFonc'. The most common cause for this problem is that the editor was opened in the wrong working directory, for example if you use sbt then the workspace directory should contain build.sbt. 
2022.11.09 15:31:08 INFO  no build target found for /home/maxime/ProgFonc/Code/Test.scala. Using presentation compiler with project's scala-library version: 3.2.0
2022.11.09 15:50:44 WARN  no build target for: /home/maxime/ProgFonc/Code/TP2.scala
nov. 09, 2022 3:50:49 PM org.eclipse.lsp4j.jsonrpc.RemoteEndpoint handleCancellation
AVERTISSEMENT: Unmatched cancel notification for request id 6
2022.11.09 15:50:49 WARN  no build target for: /home/maxime/ProgFonc/Code/TP1.scala
2022.11.09 15:50:54 INFO  time: code lens generation in 3.89s
nov. 09, 2022 3:53:23 PM org.eclipse.lsp4j.jsonrpc.services.GenericEndpoint notify
INFOS: Unsupported notification method: $/setTrace
nov. 09, 2022 3:53:24 PM org.eclipse.lsp4j.jsonrpc.services.GenericEndpoint notify
INFOS: Unsupported notification method: $/setTrace
nov. 09, 2022 3:53:42 PM org.eclipse.lsp4j.jsonrpc.services.GenericEndpoint notify
INFOS: Unsupported notification method: $/setTrace
nov. 09, 2022 3:54:17 PM org.eclipse.lsp4j.jsonrpc.RemoteEndpoint handleCancellation
AVERTISSEMENT: Unmatched cancel notification for request id 44
2022.11.09 15:55:43 WARN  no build target for: /home/maxime/ProgFonc/Code/TP2.scala
2022.11.09 16:01:09 WARN  no build target for: /home/maxime/ProgFonc/Code/TP1.scala
2022.11.09 16:01:57 WARN  no build target for: /home/maxime/ProgFonc/Code/TP3.scala
2022.11.09 16:02:41 WARN  no build target for: /home/maxime/ProgFonc/Code/TP2test.scala
2022.11.09 16:02:48 WARN  no build target for: /home/maxime/ProgFonc/Code/TP3.scala
2022.11.09 16:05:09 WARN  no build target for: /home/maxime/ProgFonc/Code/TP2.scala
2022.11.09 16:05:11 WARN  no build target for: /home/maxime/ProgFonc/Code/TP2test.scala
2022.11.11 11:34:07 INFO  shutting down Metals
2022.11.11 11:39:15 INFO  tracing is disabled for protocol LSP, to enable tracing of incoming and outgoing JSON messages create an empty file at /home/maxime/ProgFonc/.metals/lsp.trace.json or /home/maxime/.cache/metals/lsp.trace.json[0m
2022.11.11 11:39:24 INFO  logging to file /home/maxime/ProgFonc/.metals/metals.log[0m
2022.11.11 11:39:24 INFO  Started: Metals version 0.11.9 in workspace '/home/maxime/ProgFonc' for client Visual Studio Code 1.72.2.[0m
2022.11.11 11:39:37 INFO  time: initialize in 13s[0m
2022.11.11 11:39:40 WARN  Build server is not auto-connectable.[0m
2022.11.11 11:39:40 WARN  no build tool detected in workspace '/home/maxime/ProgFonc'. The most common cause for this problem is that the editor was opened in the wrong working directory, for example if you use sbt then the workspace directory should contain build.sbt. [0m
2022.11.11 11:39:41 WARN  no build target for: /home/maxime/ProgFonc/Code/cheatList.scala[0m
2022.11.11 11:39:41 WARN  no build target for: /home/maxime/ProgFonc/Code/Test.scala[0m
2022.11.11 11:39:41 WARN  no build target for: /home/maxime/ProgFonc/Code/TP1.scala[0m
2022.11.11 11:39:41 WARN  no build target for: /home/maxime/ProgFonc/Code/TP2.scala[0m
2022.11.11 11:40:13 INFO  no build target found for /home/maxime/ProgFonc/Code/TP2.scala. Using presentation compiler with project's scala-library version: 3.2.0[0m
2022.11.11 11:40:23 INFO  time: code lens generation in 37s[0m
2022.11.11 11:40:23 INFO  time: code lens generation in 8.66s[0m
nov. 11, 2022 4:42:13 PM org.eclipse.lsp4j.jsonrpc.services.GenericEndpoint notify
INFOS: Unsupported notification method: $/setTrace
2022.11.11 16:42:14 INFO  shutting down Metals[0m
2022.11.11 16:42:55 INFO  tracing is disabled for protocol LSP, to enable tracing of incoming and outgoing JSON messages create an empty file at /home/maxime/ProgFonc/.metals/lsp.trace.json or /home/maxime/.cache/metals/lsp.trace.json[0m
2022.11.11 16:43:00 INFO  logging to file /home/maxime/ProgFonc/.metals/metals.log[0m
2022.11.11 16:43:00 INFO  Started: Metals version 0.11.9 in workspace '/home/maxime/ProgFonc' for client Visual Studio Code 1.72.2.[0m
2022.11.11 16:43:04 INFO  time: initialize in 4.26s[0m
2022.11.11 16:43:05 WARN  Build server is not auto-connectable.[0m
2022.11.11 16:43:05 WARN  no build tool detected in workspace '/home/maxime/ProgFonc'. The most common cause for this problem is that the editor was opened in the wrong working directory, for example if you use sbt then the workspace directory should contain build.sbt. [0m
2022.11.11 16:43:05 WARN  no build target for: /home/maxime/ProgFonc/Code/TP1.scala[0m
2022.11.11 16:43:05 WARN  no build target for: /home/maxime/ProgFonc/Code/Test.scala[0m
2022.11.11 16:43:05 WARN  no build target for: /home/maxime/ProgFonc/Code/TP2.scala[0m
2022.11.11 16:43:05 WARN  no build target for: /home/maxime/scala-at-light-speed/src/main/scala/com/rockthejvm/FunctionalProgramming.scala[0m
2022.11.11 16:43:05 WARN  no build target for: /home/maxime/ProgFonc/Code/cheatList.scala[0m
2022.11.11 16:43:11 INFO  no build target found for /home/maxime/scala-at-light-speed/src/main/scala/com/rockthejvm/FunctionalProgramming.scala. Using presentation compiler with project's scala-library version: 3.2.0[0m
2022.11.11 16:43:18 INFO  time: code lens generation in 10s[0m
2022.11.11 16:50:38 INFO  shutting down Metals[0m
2022.11.11 16:56:58 INFO  tracing is disabled for protocol LSP, to enable tracing of incoming and outgoing JSON messages create an empty file at /home/maxime/ProgFonc/.metals/lsp.trace.json or /home/maxime/.cache/metals/lsp.trace.json[0m
2022.11.11 16:57:05 INFO  logging to file /home/maxime/ProgFonc/.metals/metals.log[0m
2022.11.11 16:57:05 INFO  Started: Metals version 0.11.9 in workspace '/home/maxime/ProgFonc' for client Visual Studio Code 1.72.2.[0m
2022.11.11 16:57:17 INFO  time: initialize in 12s[0m
2022.11.11 16:57:18 WARN  Build server is not auto-connectable.[0m
2022.11.11 16:57:18 WARN  no build tool detected in workspace '/home/maxime/ProgFonc'. The most common cause for this problem is that the editor was opened in the wrong working directory, for example if you use sbt then the workspace directory should contain build.sbt. [0m
2022.11.11 16:57:18 WARN  no build target for: /home/maxime/ProgFonc/Code/Test.scala[0m
2022.11.11 16:57:18 WARN  no build target for: /home/maxime/scala-at-light-speed/src/main/scala/com/rockthejvm/FunctionalProgramming.scala[0m
2022.11.11 16:57:34 INFO  no build target found for /home/maxime/scala-at-light-speed/src/main/scala/com/rockthejvm/FunctionalProgramming.scala. Using presentation compiler with project's scala-library version: 3.2.0[0m
2022.11.11 16:57:40 INFO  time: code lens generation in 17s[0m
2022.11.11 16:57:40 INFO  time: code lens generation in 19s[0m
2022.11.11 16:57:40 INFO  time: code lens generation in 1.13s[0m
2022.11.11 16:57:40 INFO  time: code lens generation in 4.49s[0m
2022.11.11 16:57:40 INFO  time: code lens generation in 8.61s[0m
2022.11.11 16:57:40 INFO  time: code lens generation in 2.68s[0m
2022.11.11 16:57:40 INFO  time: code lens generation in 3.83s[0m
2022.11.11 16:57:42 WARN  no build target for: /home/maxime/ProgFonc/Code/Test.scala[0m
nov. 11, 2022 4:59:12 PM org.eclipse.lsp4j.jsonrpc.RemoteEndpoint handleCancellation
AVERTISSEMENT: Unmatched cancel notification for request id 56
2022.11.11 16:59:36 WARN  no build target for: /home/maxime/ProgFonc/Code/TP1.scala[0m
2022.11.11 16:59:47 WARN  no build target for: /home/maxime/ProgFonc/Code/Test.scala[0m
2022.11.11 17:00:14 WARN  no build target for: /home/maxime/ProgFonc/Code/Test.scala[0m
nov. 11, 2022 5:00:42 PM org.eclipse.lsp4j.jsonrpc.RemoteEndpoint handleCancellation
AVERTISSEMENT: Unmatched cancel notification for request id 298
2022.11.11 17:00:48 WARN  no build target for: /home/maxime/ProgFonc/Code/Test.scala[0m
2022.11.11 17:05:01 WARN  no build target for: /home/maxime/ProgFonc/Code/Test.scala[0m
2022.11.11 17:07:07 WARN  no build target for: /home/maxime/ProgFonc/Code/Test.scala[0m
2022.11.11 17:08:35 WARN  no build target for: /home/maxime/ProgFonc/Code/Test.scala[0m
nov. 11, 2022 5:09:03 PM org.eclipse.lsp4j.jsonrpc.RemoteEndpoint handleCancellation
AVERTISSEMENT: Unmatched cancel notification for request id 669
2022.11.11 17:09:11 WARN  no build target for: /home/maxime/ProgFonc/Code/Test.scala[0m
2022.11.11 17:09:36 WARN  no build target for: /home/maxime/ProgFonc/Code/Test.scala[0m
2022.11.11 17:10:07 WARN  no build target for: /home/maxime/ProgFonc/Code/Test.scala[0m
2022.11.11 17:10:34 WARN  no build target for: /home/maxime/ProgFonc/Code/Test.scala[0m
2022.11.11 17:11:00 WARN  no build target for: /home/maxime/ProgFonc/Code/Test.scala[0m
2022.11.11 17:11:20 WARN  no build target for: /home/maxime/ProgFonc/Code/Test.scala[0m
2022.11.11 17:13:01 WARN  no build target for: /home/maxime/ProgFonc/Code/Test.scala[0m
2022.11.11 17:13:08 WARN  no build target for: /home/maxime/ProgFonc/Code/Test.scala[0m
2022.11.11 17:13:55 WARN  no build target for: /home/maxime/ProgFonc/Code/Test.scala[0m
nov. 11, 2022 5:14:10 PM org.eclipse.lsp4j.jsonrpc.RemoteEndpoint handleCancellation
AVERTISSEMENT: Unmatched cancel notification for request id 961
2022.11.11 17:14:23 WARN  no build target for: /home/maxime/ProgFonc/Code/TP2.scala[0m
nov. 11, 2022 5:15:31 PM org.eclipse.lsp4j.jsonrpc.services.GenericEndpoint notify
INFOS: Unsupported notification method: $/setTrace
nov. 11, 2022 5:15:31 PM org.eclipse.lsp4j.jsonrpc.services.GenericEndpoint notify
INFOS: Unsupported notification method: $/setTrace
2022.11.11 17:16:03 WARN  no build target for: /home/maxime/ProgFonc/Code/TP3.scala[0m
nov. 11, 2022 5:16:03 PM org.eclipse.lsp4j.jsonrpc.RemoteEndpoint handleCancellation
AVERTISSEMENT: Unmatched cancel notification for request id 980
2022.11.11 17:16:06 WARN  no build target for: /home/maxime/ProgFonc/Code/TP2test.scala[0m
nov. 11, 2022 5:18:45 PM scala.meta.internal.pc.CompilerAccess handleError
GRAVE: Toplevel definition findIndexOfLast is defined in
  /home/maxime/ProgFonc/Code/TP2.scala
and also in
  /home/maxime/ProgFonc/Code/TP2test.scala
One of these files should be removed from the classpath.
dotty.tools.dotc.core.TypeError: Toplevel definition findIndexOfLast is defined in
  /home/maxime/ProgFonc/Code/TP2.scala
and also in
  /home/maxime/ProgFonc/Code/TP2test.scala
One of these files should be removed from the classpath.
	at dotty.tools.dotc.core.SymDenotations$PackageClassDenotation.dropStale$1(SymDenotations.scala:2435)
	at dotty.tools.dotc.core.SymDenotations$PackageClassDenotation.recur$5(SymDenotations.scala:2399)
	at dotty.tools.dotc.core.SymDenotations$PackageClassDenotation.computeMembersNamed(SymDenotations.scala:2455)
	at dotty.tools.dotc.core.SymDenotations$ClassDenotation.membersNamed(SymDenotations.scala:2014)
	at dotty.tools.dotc.core.SymDenotations$ClassDenotation.findMember(SymDenotations.scala:2065)
	at dotty.tools.dotc.core.Types$Type.go$1(Types.scala:686)
	at dotty.tools.dotc.core.Types$Type.goThis$1(Types.scala:811)
	at dotty.tools.dotc.core.Types$Type.go$1(Types.scala:703)
	at dotty.tools.dotc.core.Types$Type.findMember(Types.scala:879)
	at dotty.tools.dotc.core.Types$Type.memberBasedOnFlags(Types.scala:669)
	at dotty.tools.dotc.core.Types$Type.member(Types.scala:653)
	at dotty.tools.dotc.core.Types$Type.allMembers$$anonfun$1(Types.scala:1023)
	at scala.runtime.function.JProcedure2.apply(JProcedure2.java:15)
	at scala.runtime.function.JProcedure2.apply(JProcedure2.java:10)
	at dotty.tools.dotc.core.Types$Type.memberDenots$$anonfun$1(Types.scala:925)
	at scala.runtime.function.JProcedure1.apply(JProcedure1.java:15)
	at scala.runtime.function.JProcedure1.apply(JProcedure1.java:10)
	at scala.collection.immutable.BitmapIndexedSetNode.foreach(HashSet.scala:937)
	at scala.collection.immutable.HashSet.foreach(HashSet.scala:944)
	at dotty.tools.dotc.core.Types$Type.memberDenots(Types.scala:925)
	at dotty.tools.dotc.core.Types$Type.allMembers(Types.scala:1023)
	at scala.meta.internal.pc.IndexedContext$.accesibleMembers$1(IndexedContext.scala:137)
	at scala.meta.internal.pc.IndexedContext$.scala$meta$internal$pc$IndexedContext$$$extractNames(IndexedContext.scala:195)
	at scala.meta.internal.pc.IndexedContext$LazyWrapper.<init>(IndexedContext.scala:87)
	at scala.meta.internal.pc.IndexedContext$.apply(IndexedContext.scala:75)
	at scala.meta.internal.pc.completions.CompletionProvider.completions(CompletionProvider.scala:63)

nov. 11, 2022 5:19:00 PM org.eclipse.lsp4j.jsonrpc.RemoteEndpoint handleCancellation
AVERTISSEMENT: Unmatched cancel notification for request id 1081
nov. 11, 2022 5:19:48 PM org.eclipse.lsp4j.jsonrpc.RemoteEndpoint handleCancellation
AVERTISSEMENT: Unmatched cancel notification for request id 1298
nov. 11, 2022 5:22:44 PM org.eclipse.lsp4j.jsonrpc.services.GenericEndpoint notify
INFOS: Unsupported notification method: $/setTrace
nov. 11, 2022 5:22:44 PM org.eclipse.lsp4j.jsonrpc.services.GenericEndpoint notify
INFOS: Unsupported notification method: $/setTrace
2022.11.11 17:24:14 WARN  no build target for: /home/maxime/ProgFonc/Code/TP3.scala[0m
nov. 11, 2022 5:25:16 PM org.eclipse.lsp4j.jsonrpc.RemoteEndpoint handleCancellation
AVERTISSEMENT: Unmatched cancel notification for request id 1982
nov. 11, 2022 5:38:17 PM org.eclipse.lsp4j.jsonrpc.RemoteEndpoint handleCancellation
AVERTISSEMENT: Unmatched cancel notification for request id 2000
2022.11.11 17:48:03 WARN  no build target for: /home/maxime/ProgFonc/Code/slides/chap1.scala[0m
2022.11.11 17:48:24 WARN  no build target for: /home/maxime/ProgFonc/Code/slides/chap2.scala[0m
2022.11.11 17:48:39 WARN  no build target for: /home/maxime/ProgFonc/Code/slides/chap3.scala[0m
2022.11.11 17:48:48 WARN  no build target for: /home/maxime/ProgFonc/Code/slides/chap4.scala[0m
2022.11.11 17:48:55 WARN  no build target for: /home/maxime/ProgFonc/Code/slides/chap5.scala[0m
2022.11.11 17:49:06 WARN  no build target for: /home/maxime/ProgFonc/Code/slides/chap1.scala[0m
nov. 11, 2022 5:52:49 PM org.eclipse.lsp4j.jsonrpc.RemoteEndpoint handleCancellation
AVERTISSEMENT: Unmatched cancel notification for request id 2105
2022.11.14 11:05:33 WARN  no build target for: /home/maxime/ProgFonc/Code/slides/chap1.scala[0m
nov. 14, 2022 11:05:36 AM org.eclipse.lsp4j.jsonrpc.RemoteEndpoint handleCancellation
AVERTISSEMENT: Unmatched cancel notification for request id 2268
nov. 14, 2022 11:05:36 AM org.eclipse.lsp4j.jsonrpc.RemoteEndpoint handleCancellation
AVERTISSEMENT: Unmatched cancel notification for request id 2273
nov. 14, 2022 11:06:00 AM org.eclipse.lsp4j.jsonrpc.RemoteEndpoint handleCancellation
AVERTISSEMENT: Unmatched cancel notification for request id 2364
nov. 14, 2022 11:06:15 AM org.eclipse.lsp4j.jsonrpc.RemoteEndpoint handleCancellation
AVERTISSEMENT: Unmatched cancel notification for request id 2428
nov. 14, 2022 11:06:15 AM org.eclipse.lsp4j.jsonrpc.RemoteEndpoint handleCancellation
AVERTISSEMENT: Unmatched cancel notification for request id 2430
nov. 14, 2022 11:06:38 AM org.eclipse.lsp4j.jsonrpc.RemoteEndpoint handleCancellation
AVERTISSEMENT: Unmatched cancel notification for request id 2510
nov. 14, 2022 11:06:46 AM org.eclipse.lsp4j.jsonrpc.RemoteEndpoint handleCancellation
AVERTISSEMENT: Unmatched cancel notification for request id 2529
2022.11.14 11:07:06 WARN  no build target for: /home/maxime/ProgFonc/Code/slides/chap1.scala[0m
nov. 14, 2022 11:07:32 AM org.eclipse.lsp4j.jsonrpc.RemoteEndpoint fallbackResponseError
GRAVE: Internal error: java.lang.ArrayIndexOutOfBoundsException: 17
java.util.concurrent.CompletionException: java.lang.ArrayIndexOutOfBoundsException: 17
	at java.util.concurrent.CompletableFuture.encodeThrowable(CompletableFuture.java:292)
	at java.util.concurrent.CompletableFuture.completeThrowable(CompletableFuture.java:308)
	at java.util.concurrent.CompletableFuture.uniAccept(CompletableFuture.java:661)
	at java.util.concurrent.CompletableFuture$UniAccept.tryFire(CompletableFuture.java:646)
	at java.util.concurrent.CompletableFuture.postComplete(CompletableFuture.java:488)
	at java.util.concurrent.CompletableFuture.completeExceptionally(CompletableFuture.java:1990)
	at scala.meta.internal.metals.CancelTokens$.$anonfun$future$1(CancelTokens.scala:40)
	at scala.meta.internal.metals.CancelTokens$.$anonfun$future$1$adapted(CancelTokens.scala:38)
	at scala.concurrent.impl.Promise$Transformation.run(Promise.scala:484)
	at java.util.concurrent.ThreadPoolExecutor.runWorker(ThreadPoolExecutor.java:1149)
	at java.util.concurrent.ThreadPoolExecutor$Worker.run(ThreadPoolExecutor.java:624)
	at java.lang.Thread.run(Thread.java:748)
Caused by: java.lang.ArrayIndexOutOfBoundsException: 17
	at scala.meta.internal.metals.formatting.MultilineString.$anonfun$wasTripleQuoted$1(MultilineString.scala:268)
	at scala.collection.immutable.Range.foreach$mVc$sp(Range.scala:190)
	at scala.meta.internal.metals.formatting.MultilineString.wasTripleQuoted(MultilineString.scala:267)
	at scala.meta.internal.metals.formatting.MultilineString.contribute(MultilineString.scala:438)
	at scala.meta.internal.metals.formatting.OnTypeFormattingProvider.$anonfun$format$5(OnTypeFormattingProvider.scala:69)
	at scala.meta.internal.metals.MetalsEnrichments$XtensionList.loop$1(MetalsEnrichments.scala:241)
	at scala.meta.internal.metals.MetalsEnrichments$XtensionList.acceptFirst(MetalsEnrichments.scala:250)
	at scala.meta.internal.metals.formatting.OnTypeFormattingProvider.$anonfun$format$4(OnTypeFormattingProvider.scala:68)
	at scala.Option.map(Option.scala:242)
	at scala.meta.internal.metals.formatting.OnTypeFormattingProvider.$anonfun$format$3(OnTypeFormattingProvider.scala:56)
	at scala.Option.flatMap(Option.scala:283)
	at scala.meta.internal.metals.formatting.OnTypeFormattingProvider.$anonfun$format$2(OnTypeFormattingProvider.scala:55)
	at scala.Option.flatMap(Option.scala:283)
	at scala.meta.internal.metals.formatting.OnTypeFormattingProvider.format(OnTypeFormattingProvider.scala:53)
	at scala.meta.internal.metals.MetalsLanguageServer.$anonfun$onTypeFormatting$1(MetalsLanguageServer.scala:1570)
	at scala.meta.internal.metals.CancelTokens$.$anonfun$apply$2(CancelTokens.scala:26)
	at scala.concurrent.Future$.$anonfun$apply$1(Future.scala:678)
	at scala.concurrent.impl.Promise$Transformation.run(Promise.scala:467)
	... 3 more

nov. 14, 2022 11:07:46 AM org.eclipse.lsp4j.jsonrpc.RemoteEndpoint handleCancellation
AVERTISSEMENT: Unmatched cancel notification for request id 2664
nov. 14, 2022 11:08:59 AM org.eclipse.lsp4j.jsonrpc.RemoteEndpoint handleCancellation
AVERTISSEMENT: Unmatched cancel notification for request id 2783
2022.11.14 11:09:06 WARN  no build target for: /home/maxime/ProgFonc/Code/slides/chap1.scala[0m
nov. 14, 2022 11:10:29 AM org.eclipse.lsp4j.jsonrpc.RemoteEndpoint handleCancellation
AVERTISSEMENT: Unmatched cancel notification for request id 2933
nov. 14, 2022 11:11:02 AM org.eclipse.lsp4j.jsonrpc.RemoteEndpoint handleCancellation
AVERTISSEMENT: Unmatched cancel notification for request id 2975
2022.11.14 11:11:48 WARN  no build target for: /home/maxime/ProgFonc/Code/slides/chap1.scala[0m
2022.11.14 11:12:18 WARN  no build target for: /home/maxime/ProgFonc/Code/slides/chap1.scala[0m
2022.11.14 11:13:06 WARN  no build target for: /home/maxime/ProgFonc/Code/slides/chap2.scala[0m
2022.11.14 11:14:22 WARN  no build target for: /home/maxime/ProgFonc/Code/slides/chap2.scala[0m
nov. 14, 2022 11:14:37 AM org.eclipse.lsp4j.jsonrpc.RemoteEndpoint handleCancellation
AVERTISSEMENT: Unmatched cancel notification for request id 3282
2022.11.14 11:15:56 WARN  no build target for: /home/maxime/ProgFonc/Code/slides/chap2.scala[0m
2022.11.14 11:17:03 WARN  no build target for: /home/maxime/ProgFonc/Code/slides/chap2.scala[0m
2022.11.14 11:17:33 WARN  no build target for: /home/maxime/ProgFonc/Code/slides/chap2.scala[0m
2022.11.14 11:17:52 WARN  no build target for: /home/maxime/ProgFonc/Code/slides/chap1.scala[0m
2022.11.14 11:18:00 WARN  no build target for: /home/maxime/ProgFonc/Code/slides/chap1.scala[0m
2022.11.14 11:18:15 WARN  no build target for: /home/maxime/ProgFonc/Code/slides/chap1.scala[0m
2022.11.14 11:18:20 WARN  no build target for: /home/maxime/ProgFonc/Code/slides/chap2.scala[0m
2022.11.14 11:18:43 WARN  no build target for: /home/maxime/ProgFonc/Code/slides/chap1.scala[0m
2022.11.14 11:19:04 WARN  no build target for: /home/maxime/ProgFonc/Code/slides/chap2.scala[0m
2022.11.14 11:20:02 WARN  no build target for: /home/maxime/ProgFonc/Code/slides/chap1.scala[0m
nov. 14, 2022 11:25:39 AM scala.meta.internal.pc.CompilerAccess handleError
GRAVE: Toplevel definition main is defined in
  /home/maxime/ProgFonc/Code/slides/chap2.scala
and also in
  /home/maxime/ProgFonc/Code/slides/chap1.scala
One of these files should be removed from the classpath.
dotty.tools.dotc.core.TypeError: Toplevel definition main is defined in
  /home/maxime/ProgFonc/Code/slides/chap2.scala
and also in
  /home/maxime/ProgFonc/Code/slides/chap1.scala
One of these files should be removed from the classpath.
	at dotty.tools.dotc.core.SymDenotations$PackageClassDenotation.dropStale$1(SymDenotations.scala:2435)
	at dotty.tools.dotc.core.SymDenotations$PackageClassDenotation.recur$5(SymDenotations.scala:2399)
	at dotty.tools.dotc.core.SymDenotations$PackageClassDenotation.computeMembersNamed(SymDenotations.scala:2455)
	at dotty.tools.dotc.core.SymDenotations$ClassDenotation.membersNamed(SymDenotations.scala:2014)
	at dotty.tools.dotc.core.SymDenotations$ClassDenotation.findMember(SymDenotations.scala:2065)
	at dotty.tools.dotc.core.Types$Type.go$1(Types.scala:686)
	at dotty.tools.dotc.core.Types$Type.goThis$1(Types.scala:811)
	at dotty.tools.dotc.core.Types$Type.go$1(Types.scala:703)
	at dotty.tools.dotc.core.Types$Type.findMember(Types.scala:879)
	at dotty.tools.dotc.core.Types$Type.memberBasedOnFlags(Types.scala:669)
	at dotty.tools.dotc.core.Types$Type.member(Types.scala:653)
	at dotty.tools.dotc.core.Types$Type.allMembers$$anonfun$1(Types.scala:1023)
	at scala.runtime.function.JProcedure2.apply(JProcedure2.java:15)
	at scala.runtime.function.JProcedure2.apply(JProcedure2.java:10)
	at dotty.tools.dotc.core.Types$Type.memberDenots$$anonfun$1(Types.scala:925)
	at scala.runtime.function.JProcedure1.apply(JProcedure1.java:15)
	at scala.runtime.function.JProcedure1.apply(JProcedure1.java:10)
	at scala.collection.immutable.BitmapIndexedSetNode.foreach(HashSet.scala:937)
	at scala.collection.immutable.HashSet.foreach(HashSet.scala:944)
	at dotty.tools.dotc.core.Types$Type.memberDenots(Types.scala:925)
	at dotty.tools.dotc.core.Types$Type.allMembers(Types.scala:1023)
	at scala.meta.internal.pc.IndexedContext$.accesibleMembers$1(IndexedContext.scala:137)
	at scala.meta.internal.pc.IndexedContext$.scala$meta$internal$pc$IndexedContext$$$extractNames(IndexedContext.scala:195)
	at scala.meta.internal.pc.IndexedContext$LazyWrapper.<init>(IndexedContext.scala:87)
	at scala.meta.internal.pc.IndexedContext$.apply(IndexedContext.scala:75)
	at scala.meta.internal.pc.completions.CompletionProvider.completions(CompletionProvider.scala:63)

nov. 14, 2022 11:27:17 AM org.eclipse.lsp4j.jsonrpc.RemoteEndpoint handleCancellation
AVERTISSEMENT: Unmatched cancel notification for request id 4347
nov. 14, 2022 11:28:41 AM org.eclipse.lsp4j.jsonrpc.RemoteEndpoint handleCancellation
AVERTISSEMENT: Unmatched cancel notification for request id 4726
nov. 14, 2022 11:30:05 AM org.eclipse.lsp4j.jsonrpc.RemoteEndpoint handleCancellation
AVERTISSEMENT: Unmatched cancel notification for request id 5117
2022.11.14 11:30:17 WARN  no build target for: /home/maxime/ProgFonc/Code/slides/chap2.scala[0m
2022.11.14 11:30:39 WARN  no build target for: /home/maxime/ProgFonc/Code/slides/chap2.scala[0m
2022.11.14 11:31:14 WARN  no build target for: /home/maxime/ProgFonc/Code/slides/chap2.scala[0m
2022.11.14 11:32:13 WARN  no build target for: /home/maxime/ProgFonc/Code/slides/chap2.scala[0m
nov. 14, 2022 11:33:28 AM org.eclipse.lsp4j.jsonrpc.RemoteEndpoint handleCancellation
AVERTISSEMENT: Unmatched cancel notification for request id 5555
2022.11.14 11:34:50 WARN  no build target for: /home/maxime/ProgFonc/Code/slides/chap2.scala[0m
2022.11.14 11:35:00 WARN  no build target for: /home/maxime/ProgFonc/Code/slides/chap2.scala[0m
nov. 14, 2022 11:35:25 AM scala.meta.internal.pc.CompilerAccess handleError
GRAVE: NoDenotation.owner
java.lang.AssertionError: NoDenotation.owner
	at dotty.tools.dotc.core.SymDenotations$NoDenotation$.owner(SymDenotations.scala:2499)
	at scala.meta.internal.pc.PcDocumentHighlightProvider$.isForComprehensionOwner$1(PcDocumentHighlightProvider.scala:163)
	at scala.meta.internal.pc.PcDocumentHighlightProvider$.collectNames$1(PcDocumentHighlightProvider.scala:178)
	at scala.meta.internal.pc.PcDocumentHighlightProvider$.$anonfun$4(PcDocumentHighlightProvider.scala:275)
	at dotty.tools.dotc.ast.Trees$Instance$DeepFolder.apply(Trees.scala:1669)
	at dotty.tools.dotc.ast.Trees$Instance$TreeAccumulator.fold$1(Trees.scala:1535)
	at dotty.tools.dotc.ast.Trees$Instance$TreeAccumulator.apply(Trees.scala:1537)
	at dotty.tools.dotc.ast.Trees$Instance$TreeAccumulator.foldOver(Trees.scala:1554)
	at dotty.tools.dotc.ast.Trees$Instance$DeepFolder.apply(Trees.scala:1669)
	at dotty.tools.dotc.ast.Trees$Instance$TreeAccumulator.fold$1(Trees.scala:1535)
	at dotty.tools.dotc.ast.Trees$Instance$TreeAccumulator.apply(Trees.scala:1537)
	at dotty.tools.dotc.ast.Trees$Instance$TreeAccumulator.foldOver(Trees.scala:1630)
	at dotty.tools.dotc.ast.Trees$Instance$DeepFolder.apply(Trees.scala:1669)
	at dotty.tools.dotc.ast.Trees$Instance$TreeAccumulator.foldOver(Trees.scala:1627)
	at dotty.tools.dotc.ast.Trees$Instance$DeepFolder.apply(Trees.scala:1669)
	at dotty.tools.dotc.ast.Trees$Instance$TreeAccumulator.fold$1(Trees.scala:1535)
	at dotty.tools.dotc.ast.Trees$Instance$TreeAccumulator.apply(Trees.scala:1537)
	at dotty.tools.dotc.ast.Trees$Instance$TreeAccumulator.foldOver(Trees.scala:1636)
	at dotty.tools.dotc.ast.Trees$Instance$TreeAccumulator.foldOver(Trees.scala:1541)
	at dotty.tools.dotc.ast.Trees$Instance$DeepFolder.apply(Trees.scala:1669)
	at scala.meta.internal.pc.PcDocumentHighlightProvider$.highlights(PcDocumentHighlightProvider.scala:276)

2022.11.14 11:35:25 WARN  no build target for: /home/maxime/ProgFonc/Code/slides/chap2.scala[0m
2022.11.14 11:35:35 WARN  no build target for: /home/maxime/ProgFonc/Code/slides/chap2.scala[0m
2022.11.14 11:38:52 WARN  no build target for: /home/maxime/ProgFonc/Code/slides/chap2.scala[0m
2022.11.14 11:39:01 WARN  no build target for: /home/maxime/ProgFonc/Code/slides/chap2.scala[0m
nov. 14, 2022 11:40:15 AM org.eclipse.lsp4j.jsonrpc.RemoteEndpoint handleCancellation
AVERTISSEMENT: Unmatched cancel notification for request id 6547
2022.11.14 11:40:52 WARN  no build target for: /home/maxime/ProgFonc/Code/slides/chap2.scala[0m
nov. 14, 2022 11:41:42 AM scala.meta.internal.pc.CompilerAccess handleError
GRAVE: NoDenotation.owner
java.lang.AssertionError: NoDenotation.owner
	at dotty.tools.dotc.core.SymDenotations$NoDenotation$.owner(SymDenotations.scala:2499)
	at scala.meta.internal.pc.PcDocumentHighlightProvider$.isForComprehensionOwner$1(PcDocumentHighlightProvider.scala:163)
	at scala.meta.internal.pc.PcDocumentHighlightProvider$.collectNames$1(PcDocumentHighlightProvider.scala:178)
	at scala.meta.internal.pc.PcDocumentHighlightProvider$.$anonfun$4(PcDocumentHighlightProvider.scala:275)
	at dotty.tools.dotc.ast.Trees$Instance$DeepFolder.apply(Trees.scala:1669)
	at dotty.tools.dotc.ast.Trees$Instance$TreeAccumulator.fold$1(Trees.scala:1535)
	at dotty.tools.dotc.ast.Trees$Instance$TreeAccumulator.apply(Trees.scala:1537)
	at dotty.tools.dotc.ast.Trees$Instance$TreeAccumulator.foldOver(Trees.scala:1554)
	at dotty.tools.dotc.ast.Trees$Instance$DeepFolder.apply(Trees.scala:1669)
	at dotty.tools.dotc.ast.Trees$Instance$TreeAccumulator.fold$1(Trees.scala:1535)
	at dotty.tools.dotc.ast.Trees$Instance$TreeAccumulator.apply(Trees.scala:1537)
	at dotty.tools.dotc.ast.Trees$Instance$TreeAccumulator.foldOver(Trees.scala:1630)
	at dotty.tools.dotc.ast.Trees$Instance$DeepFolder.apply(Trees.scala:1669)
	at dotty.tools.dotc.ast.Trees$Instance$TreeAccumulator.foldOver(Trees.scala:1627)
	at dotty.tools.dotc.ast.Trees$Instance$DeepFolder.apply(Trees.scala:1669)
	at dotty.tools.dotc.ast.Trees$Instance$TreeAccumulator.fold$1(Trees.scala:1535)
	at dotty.tools.dotc.ast.Trees$Instance$TreeAccumulator.apply(Trees.scala:1537)
	at dotty.tools.dotc.ast.Trees$Instance$TreeAccumulator.foldOver(Trees.scala:1636)
	at dotty.tools.dotc.ast.Trees$Instance$TreeAccumulator.foldOver(Trees.scala:1541)
	at dotty.tools.dotc.ast.Trees$Instance$DeepFolder.apply(Trees.scala:1669)
	at scala.meta.internal.pc.PcDocumentHighlightProvider$.highlights(PcDocumentHighlightProvider.scala:276)

nov. 14, 2022 11:42:50 AM org.eclipse.lsp4j.jsonrpc.RemoteEndpoint handleCancellation
AVERTISSEMENT: Unmatched cancel notification for request id 6980
2022.11.14 11:42:56 WARN  no build target for: /home/maxime/ProgFonc/Code/slides/chap2.scala[0m
2022.11.14 11:43:59 WARN  no build target for: /home/maxime/ProgFonc/Code/slides/chap2.scala[0m
2022.11.14 11:44:03 WARN  no build target for: /home/maxime/ProgFonc/Code/slides/chap2.scala[0m
2022.11.14 11:44:24 WARN  no build target for: /home/maxime/ProgFonc/Code/slides/chap2.scala[0m
2022.11.14 11:47:32 WARN  no build target for: /home/maxime/ProgFonc/Code/slides/chap2.scala[0m
2022.11.14 11:50:03 WARN  no build target for: /home/maxime/ProgFonc/Code/slides/chap2.scala[0m
2022.11.14 11:51:37 WARN  no build target for: /home/maxime/ProgFonc/Code/slides/chap2.scala[0m
2022.11.14 11:53:23 WARN  no build target for: /home/maxime/ProgFonc/Code/slides/chap2.scala[0m
